[0.131s] Invoking command in '/home/nyf/Code/Opi-VIO-FPV/build/mavROS_test': CMAKE_PREFIX_PATH=${CMAKE_PREFIX_PATH}:/opt/ros/jazzy DEBUGINFOD_URLS=https://debuginfod.ubuntu.com /usr/bin/cmake --build /home/nyf/Code/Opi-VIO-FPV/build/mavROS_test -- -j8 -l8
[1.756s] [ 33%] [32mBuilding CXX object CMakeFiles/mavROS_test.dir/src/key_input.cpp.o[0m
[1.773s] [ 66%] [32mBuilding CXX object CMakeFiles/mavROS_test.dir/src/mavros_offboard.cpp.o[0m
[6.358s] [01m[K/home/nyf/Code/Opi-VIO-FPV/src/mavROS_test/src/key_input.cpp:13:1:[m[K [01;31m[Kerror: [m[Kâ€˜[01m[Kdev[m[Kâ€™ does not name a type; did you mean â€˜[01m[Kdev_t[m[Kâ€™?
[6.358s]    13 | [01;31m[Kdev[m[K = nullptr;
[6.359s]       | [01;31m[K^~~[m[K
[6.360s]       | [32m[Kdev_t[m[K
[13.672s] gmake[2]: *** [CMakeFiles/mavROS_test.dir/build.make:76ï¼šCMakeFiles/mavROS_test.dir/src/key_input.cpp.o] é”™è¯¯ 1
[13.672s] gmake[2]: *** æ­£åœ¨ç­‰å¾…æœªå®Œæˆçš„ä»»åŠ¡....
[24.849s] gmake[1]: *** [CMakeFiles/Makefile2:137ï¼šCMakeFiles/mavROS_test.dir/all] é”™è¯¯ 2
[24.850s] gmake: *** [Makefile:146ï¼šall] é”™è¯¯ 2
[24.858s] Invoked command in '/home/nyf/Code/Opi-VIO-FPV/build/mavROS_test' returned '2': CMAKE_PREFIX_PATH=${CMAKE_PREFIX_PATH}:/opt/ros/jazzy DEBUGINFOD_URLS=https://debuginfod.ubuntu.com /usr/bin/cmake --build /home/nyf/Code/Opi-VIO-FPV/build/mavROS_test -- -j8 -l8
